<?xml version="1.0" encoding="UTF-8"?>
<testsuite name="test.AppTest" tests="1" skipped="0" failures="0" errors="0" timestamp="2018-04-27T14:45:33" hostname="Zelda" time="0.014">
  <properties/>
  <testcase name="testAppHasAGreeting" classname="test.AppTest" time="0.014"/>
  <system-out><![CDATA[]]></system-out>
  <system-err><![CDATA[]]></system-err>
</testsuite>
